{"stats":{"suites":1,"tests":8,"passes":8,"pending":0,"failures":0,"start":"2018-10-01T06:16:31.653Z","end":"2018-10-01T06:16:58.339Z","duration":26686,"testsRegistered":8,"passPercent":100,"pendingPercent":0,"other":0,"hasOther":false,"skipped":0,"hasSkipped":false,"passPercentClass":"success","pendingPercentClass":"danger"},"suites":{"title":"","suites":[{"title":"Registration (chrome)","suites":[],"tests":[{"title":"Correct Page","fullTitle":"Correct Page","timedOut":false,"duration":2599,"speed":"fast","pass":true,"fail":false,"pending":false,"code":"","isRoot":false,"uuid":"70a3dc90-1f1e-4332-b84f-51253d3c889a","parentUUID":"e0aecf72-69d3-4978-9a0c-3e9a6d5cbf29","skipped":false,"isHook":false,"context":"[{\"title\":\"Session Id\",\"value\":\"23c409f0a6c492b90c55b67fe7c0d4cc\"}]","state":"passed","err":{}},{"title":"Availability back button","fullTitle":"Availability back button","timedOut":false,"duration":1411,"speed":"fast","pass":true,"fail":false,"pending":false,"code":"","isRoot":false,"uuid":"ce48b140-1989-49d7-9eb6-b56e99ca2b33","parentUUID":"e0aecf72-69d3-4978-9a0c-3e9a6d5cbf29","skipped":false,"isHook":false,"context":"[{\"title\":\"Session Id\",\"value\":\"23c409f0a6c492b90c55b67fe7c0d4cc\"}]","state":"passed","err":{}},{"title":"Availability fname field","fullTitle":"Availability fname field","timedOut":false,"duration":1402,"speed":"fast","pass":true,"fail":false,"pending":false,"code":"","isRoot":false,"uuid":"5b058ece-a24e-4384-86bd-b39f1a9e117b","parentUUID":"e0aecf72-69d3-4978-9a0c-3e9a6d5cbf29","skipped":false,"isHook":false,"context":"[{\"title\":\"Session Id\",\"value\":\"23c409f0a6c492b90c55b67fe7c0d4cc\"}]","state":"passed","err":{}},{"title":"Availability lname field","fullTitle":"Availability lname field","timedOut":false,"duration":2423,"speed":"fast","pass":true,"fail":false,"pending":false,"code":"","isRoot":false,"uuid":"6c0f44cd-c06e-4327-b30a-02a0e9e0d050","parentUUID":"e0aecf72-69d3-4978-9a0c-3e9a6d5cbf29","skipped":false,"isHook":false,"context":"[{\"title\":\"Session Id\",\"value\":\"23c409f0a6c492b90c55b67fe7c0d4cc\"}]","state":"passed","err":{}},{"title":"Availability Email field","fullTitle":"Availability Email field","timedOut":false,"duration":2363,"speed":"fast","pass":true,"fail":false,"pending":false,"code":"","isRoot":false,"uuid":"0019b1d7-de59-47e0-82b5-a76a8a16e06e","parentUUID":"e0aecf72-69d3-4978-9a0c-3e9a6d5cbf29","skipped":false,"isHook":false,"context":"[{\"title\":\"Session Id\",\"value\":\"23c409f0a6c492b90c55b67fe7c0d4cc\"}]","state":"passed","err":{}},{"title":"Availability Password field","fullTitle":"Availability Password field","timedOut":false,"duration":2379,"speed":"fast","pass":true,"fail":false,"pending":false,"code":"","isRoot":false,"uuid":"104cc29b-a129-4e30-bfbd-54e3e6aadd39","parentUUID":"e0aecf72-69d3-4978-9a0c-3e9a6d5cbf29","skipped":false,"isHook":false,"context":"[{\"title\":\"Session Id\",\"value\":\"23c409f0a6c492b90c55b67fe7c0d4cc\"}]","state":"passed","err":{}},{"title":"Availability Required field","fullTitle":"Availability Required field","timedOut":false,"duration":2367,"speed":"fast","pass":true,"fail":false,"pending":false,"code":"","isRoot":false,"uuid":"b965f03d-f077-4aba-b9fd-bad7c009ed75","parentUUID":"e0aecf72-69d3-4978-9a0c-3e9a6d5cbf29","skipped":false,"isHook":false,"context":"[{\"title\":\"Session Id\",\"value\":\"23c409f0a6c492b90c55b67fe7c0d4cc\"}]","state":"passed","err":{}},{"title":"Availability Registration button","fullTitle":"Availability Registration button","timedOut":false,"duration":3341,"speed":"fast","pass":true,"fail":false,"pending":false,"code":"","isRoot":false,"uuid":"1a42d468-a520-4470-a246-bb19d2083485","parentUUID":"e0aecf72-69d3-4978-9a0c-3e9a6d5cbf29","skipped":false,"isHook":false,"context":"[{\"title\":\"Session Id\",\"value\":\"23c409f0a6c492b90c55b67fe7c0d4cc\"}]","state":"passed","err":{}}],"pending":[],"root":false,"fullFile":"","file":"","passes":["70a3dc90-1f1e-4332-b84f-51253d3c889a","ce48b140-1989-49d7-9eb6-b56e99ca2b33","5b058ece-a24e-4384-86bd-b39f1a9e117b","6c0f44cd-c06e-4327-b30a-02a0e9e0d050","0019b1d7-de59-47e0-82b5-a76a8a16e06e","104cc29b-a129-4e30-bfbd-54e3e6aadd39","b965f03d-f077-4aba-b9fd-bad7c009ed75","1a42d468-a520-4470-a246-bb19d2083485"],"failures":[],"skipped":[],"duration":18289,"_timeout":0,"uuid":"e0aecf72-69d3-4978-9a0c-3e9a6d5cbf29","beforeHooks":[],"afterHooks":[]}],"tests":[],"pending":[],"root":true,"fullFile":"","file":"","passes":[],"failures":[],"skipped":[],"duration":0,"_timeout":0,"uuid":"3776bdb2-6b1f-4ac4-85a3-b43c8d898053","beforeHooks":[],"afterHooks":[]},"copyrightYear":2018}